<?xml version="1.0" encoding="UTF-8"?>
<testng-results skipped="0" failed="0" ignored="0" total="1" passed="1">
  <reporter-output>
  </reporter-output>
  <suite name="Default suite" duration-ms="9308" started-at="2020-04-15T07:43:52Z" finished-at="2020-04-15T07:44:01Z">
    <groups>
    </groups>
    <test name="Default test" duration-ms="9308" started-at="2020-04-15T07:43:52Z" finished-at="2020-04-15T07:44:01Z">
      <class name="com.Automation.demo.launch">
        <test-method status="PASS" signature="createDriver()[pri:0, instance:com.Automation.demo.launch@ce78ec]" name="createDriver" is-config="true" duration-ms="2977" started-at="2020-04-15T07:43:52Z" finished-at="2020-04-15T07:43:55Z">
          <reporter-output>
          </reporter-output>
        </test-method> <!-- createDriver -->
        <test-method status="PASS" signature="case1()[pri:0, instance:com.Automation.demo.launch@ce78ec]" name="case1" duration-ms="6260" started-at="2020-04-15T07:43:55Z" finished-at="2020-04-15T07:44:01Z">
          <reporter-output>
          </reporter-output>
        </test-method> <!-- case1 -->
        <test-method status="PASS" signature="quit()[pri:0, instance:com.Automation.demo.launch@ce78ec]" name="quit" is-config="true" duration-ms="53" started-at="2020-04-15T07:44:01Z" finished-at="2020-04-15T07:44:01Z">
          <reporter-output>
          </reporter-output>
        </test-method> <!-- quit -->
      </class> <!-- com.Automation.demo.launch -->
    </test> <!-- Default test -->
  </suite> <!-- Default suite -->
</testng-results>
